<?xml version="1.0" encoding="UTF-8"?>
<!-- Generated by org.testng.reporters.JUnitXMLReporter -->
<testsuite hostname="ecrnt-100425" ignored="0" name="Default test" tests="4" failures="0" timestamp="20 set 2018 20:32:05 GMT" time="2.126" errors="0">
  <testcase name="validateDiffCharsAndLengthReturnForLeftRigthPost" time="1.802" classname="alessandra.assignment.waesAssignment.tests.EndToEndTest"/>
  <testcase name="validateDiffCharsReturnForLeftRigthPost" time="0.108" classname="alessandra.assignment.waesAssignment.tests.EndToEndTest"/>
  <testcase name="validateDiffLengthReturnForLeftRigthPost" time="0.082" classname="alessandra.assignment.waesAssignment.tests.EndToEndTest"/>
  <testcase name="validateEqualReturnForLeftRigthPost" time="0.092" classname="alessandra.assignment.waesAssignment.tests.EndToEndTest"/>
</testsuite> <!-- Default test -->
