<?xml version="1.0" encoding="UTF-8"?>
<!-- Generated by org.testng.reporters.JUnitXMLReporter -->
<testsuite hostname="DESKTOP-T5N15EA" ignored="0" name="Assessment Tests" tests="2" failures="2" timestamp="17 Sep 2018 01:38:35 GMT" time="0.034" errors="0">
  <testcase name="sendGetToNotAddedIDReturns404" time="0.0" classname="alessandra.assignment.waesAssignment.tests.SmokeTests">
    <failure type="org.testng.TestNGException" message="
Cannot inject @Test annotated Method [sendGetToNotAddedIDReturns404] with [interface java.util.Map].
For more information on native dependency injection please refer to http://testng.org/doc/documentation-main.html#native-dependency-injection">
      <![CDATA[org.testng.TestNGException: 
Cannot inject @Test annotated Method [sendGetToNotAddedIDReturns404] with [interface java.util.Map].
For more information on native dependency injection please refer to http://testng.org/doc/documentation-main.html#native-dependency-injection
at java.util.concurrent.ThreadPoolExecutor.runWorker(ThreadPoolExecutor.java:1149)
at java.util.concurrent.ThreadPoolExecutor$Worker.run(ThreadPoolExecutor.java:624)
at java.lang.Thread.run(Thread.java:748)
... Removed 9 stack frames]]>
    </failure>
  </testcase> <!-- sendGetToNotAddedIDReturns404 -->
  <testcase name="sendPostReturns200" time="0.0" classname="alessandra.assignment.waesAssignment.tests.SmokeTests">
    <failure type="org.testng.TestNGException" message="
Cannot inject @Test annotated Method [sendPostReturns200] with [interface java.util.Map].
For more information on native dependency injection please refer to http://testng.org/doc/documentation-main.html#native-dependency-injection">
      <![CDATA[org.testng.TestNGException: 
Cannot inject @Test annotated Method [sendPostReturns200] with [interface java.util.Map].
For more information on native dependency injection please refer to http://testng.org/doc/documentation-main.html#native-dependency-injection
at java.util.concurrent.ThreadPoolExecutor.runWorker(ThreadPoolExecutor.java:1149)
at java.util.concurrent.ThreadPoolExecutor$Worker.run(ThreadPoolExecutor.java:624)
at java.lang.Thread.run(Thread.java:748)
... Removed 9 stack frames]]>
    </failure>
  </testcase> <!-- sendPostReturns200 -->
</testsuite> <!-- Assessment Tests -->
