<?xml version="1.0" encoding="UTF-8"?>
<!-- Generated by org.testng.reporters.JUnitXMLReporter -->
<testsuite hostname="ecrnt-100425" ignored="0" name="Assessment Tests" tests="14" failures="1" timestamp="20 Sep 2018 23:03:55 GMT" time="4.578" errors="0">
  <testcase name="sendPostReturns200" time="2.13" classname="alessandra.assignment.waesAssignment.tests.SmokeTests"/>
  <testcase name="sendGetToBaseURLReturns200" time="1.756" classname="alessandra.assignment.waesAssignment.tests.SmokeTests"/>
  <testcase name="sendGetToNotAddedIDReturns404" time="1.758" classname="alessandra.assignment.waesAssignment.tests.SmokeTests"/>
  <testcase name="validateDiffCharsAndLengthReturnForLeftRigthPost" time="0.41" classname="alessandra.assignment.waesAssignment.tests.EndToEndTest"/>
  <testcase name="validateDiffCharsReturnForLeftRigthPost" time="0.268" classname="alessandra.assignment.waesAssignment.tests.EndToEndTest"/>
  <testcase name="validateDiffLengthReturnForLeftRigthPost" time="0.401" classname="alessandra.assignment.waesAssignment.tests.EndToEndTest"/>
  <testcase name="validateEqualReturnForLeftRigthPost" time="0.334" classname="alessandra.assignment.waesAssignment.tests.EndToEndTest"/>
  <testcase name="validateGetIdNotInitializedResponseMessage" time="0.253" classname="alessandra.assignment.waesAssignment.tests.ErrorMessages"/>
  <testcase name="validateGetNullLeft" time="0.353" classname="alessandra.assignment.waesAssignment.tests.ErrorMessages"/>
  <testcase name="validatePostDataNotInBase64Response" time="0.143" classname="alessandra.assignment.waesAssignment.tests.ErrorMessages"/>
  <testcase name="validateGetNullRight" time="0.291" classname="alessandra.assignment.waesAssignment.tests.ErrorMessages">
    <failure type="java.lang.RuntimeException" message=" HTTP error code : 204">
      <![CDATA[java.lang.RuntimeException:  HTTP error code : 204
at alessandra.assignment.waesAssignment.pageobjects.ApiControlerGet.sendGetMothodForJsonResponse(ApiControlerGet.java:83)
at alessandra.assignment.waesAssignment.tests.ErrorMessages.validateGetNullRight(ErrorMessages.java:177)
at java.util.concurrent.ThreadPoolExecutor.runWorker(Unknown Source)
at java.util.concurrent.ThreadPoolExecutor$Worker.run(Unknown Source)
at java.lang.Thread.run(Unknown Source)
... Removed 10 stack frames]]>
    </failure>
  </testcase> <!-- validateGetNullRight -->
  <testcase name="validatePostEmptyBody400message" time="0.239" classname="alessandra.assignment.waesAssignment.tests.ErrorMessages"/>
  <testcase name="validatePostSideNotSupported501message" time="0.12" classname="alessandra.assignment.waesAssignment.tests.ErrorMessages"/>
  <testcase name="validatePostNotOnJsonFormatResponseCode" time="0.166" classname="alessandra.assignment.waesAssignment.tests.ErrorMessages"/>
</testsuite> <!-- Assessment Tests -->
