<?xml version="1.0" encoding="UTF-8"?>
<testsuite xmlns:xsi="http://www.w3.org/2001/XMLSchema-instance" xsi:noNamespaceSchemaLocation="https://maven.apache.org/surefire/maven-surefire-plugin/xsd/surefire-test-report.xsd" name="TestSuite" time="3.59" tests="14" errors="0" skipped="0" failures="3">
  <properties>
[...]
</properties>
  <testcase name="sendPostReturns200" classname="alessandra.assignment.waesAssignment.tests.SmokeTests" time="1.78"/>
  <testcase name="sendGetToNotAddedIDReturns404" classname="alessandra.assignment.waesAssignment.tests.SmokeTests" time="0.031"/>
  <testcase name="sendGetToBaseURLReturns200" classname="alessandra.assignment.waesAssignment.tests.SmokeTests" time="0.036"/>
  <testcase name="validateDiffCharsAndLengthReturnForLeftRigthPost" classname="alessandra.assignment.waesAssignment.tests.EndToEndTest" time="0.277"/>
  <testcase name="validateDiffCharsReturnForLeftRigthPost" classname="alessandra.assignment.waesAssignment.tests.EndToEndTest" time="0.048"/>
  <testcase name="validateDiffLengthReturnForLeftRigthPost" classname="alessandra.assignment.waesAssignment.tests.EndToEndTest" time="0.111">
    <failure message="&#10;Reponse Body: {&quot;detail&quot;:&quot;Values are different on char(s) [2] [6].&quot;,&quot;type&quot;:&quot;DIFFERENT_CHARS&quot;} expected [{&quot;type&quot;:&quot;DIFFERENT_LENGTH&quot;}] but found [{&quot;detail&quot;:&quot;Values are different on char(s) [2] [6].&quot;,&quot;type&quot;:&quot;DIFFERENT_CHARS&quot;}]" type="java.lang.AssertionError">java.lang.AssertionError: 

Reponse Body: {"detail":"Values are different on char(s) [2] [6].","type":"DIFFERENT_CHARS"} expected [{"type":"DIFFERENT_LENGTH"}] but found [{"detail":"Values are different on char(s) [2] [6].","type":"DIFFERENT_CHARS"}]
	at alessandra.assignment.waesAssignment.tests.EndToEndTest.validateDiffLengthReturnForLeftRigthPost(EndToEndTest.java:128)
</failure>
    <system-out><![CDATA[
GET Url: http://localhost:8081/diffassign/v1/diff/19/left
Expected Response: 
{"errorMessage":"ID 1 not initialized.","errorCode":404}]]></system-out>
  </testcase>
  <testcase name="validateGetIdNotInitializedResponseMessage" classname="alessandra.assignment.waesAssignment.tests.ErrorMessages" time="0.092"/>
  <testcase name="validateEqualReturnForLeftRigthPost" classname="alessandra.assignment.waesAssignment.tests.EndToEndTest" time="0.097"/>
  <testcase name="validateGetNullLeft" classname="alessandra.assignment.waesAssignment.tests.ErrorMessages" time="0.103">
    <failure message="expected [{&quot;detail&quot;:&quot;Left side contains no value.&quot;,&quot;type&quot;:&quot;DIFFERENT_LENGTH&quot;}] but found [{&quot;type&quot;:&quot;EQUAL&quot;}]" type="java.lang.AssertionError">java.lang.AssertionError: expected [{"detail":"Left side contains no value.","type":"DIFFERENT_LENGTH"}] but found [{"type":"EQUAL"}]
	at alessandra.assignment.waesAssignment.tests.ErrorMessages.validateGetNullLeft(ErrorMessages.java:227)
</failure>
  </testcase>
  <testcase name="validateGetNullRight" classname="alessandra.assignment.waesAssignment.tests.ErrorMessages" time="0.038">
    <failure message=" HTTP error code : 204" type="java.lang.RuntimeException">java.lang.RuntimeException:  HTTP error code : 204
	at alessandra.assignment.waesAssignment.tests.ErrorMessages.validateGetNullRight(ErrorMessages.java:177)
</failure>
  </testcase>
  <testcase name="validatePostNotOnJsonFormatResponseCode" classname="alessandra.assignment.waesAssignment.tests.ErrorMessages" time="0.09"/>
  <testcase name="validatePostDataNotInBase64Response" classname="alessandra.assignment.waesAssignment.tests.ErrorMessages" time="0.103"/>
  <testcase name="validatePostEmptyBody400message" classname="alessandra.assignment.waesAssignment.tests.ErrorMessages" time="0.134"/>
  <testcase name="validatePostSideNotSupported501message" classname="alessandra.assignment.waesAssignment.tests.ErrorMessages" time="0.23"/>
</testsuite>