<?xml version="1.0" encoding="UTF-8"?>
<testng-results skipped="0" failed="1" ignored="0" total="14" passed="13">
  <reporter-output>
  </reporter-output>
  <suite name="Run Tests for Test API" duration-ms="4578" started-at="2018-09-20T23:03:51Z" finished-at="2018-09-20T23:03:55Z">
    <groups>
    </groups>
    <test name="Assessment Tests" duration-ms="4578" started-at="2018-09-20T23:03:51Z" finished-at="2018-09-20T23:03:55Z">
      <class name="alessandra.assignment.waesAssignment.tests.SmokeTests">
        <test-method status="PASS" signature="sendGetToNotAddedIDReturns404()[pri:0, instance:alessandra.assignment.waesAssignment.tests.SmokeTests@4cf777e8]" name="sendGetToNotAddedIDReturns404" duration-ms="1758" started-at="2018-09-20T23:03:51Z" description="Will send a GET method to /diff method and validate 404 code returned" finished-at="2018-09-20T23:03:53Z">
          <reporter-output>
          </reporter-output>
        </test-method> <!-- sendGetToNotAddedIDReturns404 -->
        <test-method status="PASS" signature="sendGetToBaseURLReturns200()[pri:0, instance:alessandra.assignment.waesAssignment.tests.SmokeTests@4cf777e8]" name="sendGetToBaseURLReturns200" duration-ms="1756" started-at="2018-09-20T23:03:51Z" description="Will send a GET method to /diff method and validate 200 code returned" finished-at="2018-09-20T23:03:53Z">
          <reporter-output>
          </reporter-output>
        </test-method> <!-- sendGetToBaseURLReturns200 -->
        <test-method status="PASS" signature="sendPostReturns200()[pri:0, instance:alessandra.assignment.waesAssignment.tests.SmokeTests@4cf777e8]" name="sendPostReturns200" duration-ms="2130" started-at="2018-09-20T23:03:51Z" description="Will send a POST method with id, side and value, expecting a 200 code on response" finished-at="2018-09-20T23:03:53Z">
          <reporter-output>
          </reporter-output>
        </test-method> <!-- sendPostReturns200 -->
      </class> <!-- alessandra.assignment.waesAssignment.tests.SmokeTests -->
      <class name="alessandra.assignment.waesAssignment.tests.EndToEndTest">
        <test-method status="PASS" signature="validateDiffCharsAndLengthReturnForLeftRigthPost()[pri:0, instance:alessandra.assignment.waesAssignment.tests.EndToEndTest@2f686d1f]" name="validateDiffCharsAndLengthReturnForLeftRigthPost" duration-ms="410" started-at="2018-09-20T23:03:53Z" description="Will send two post methods with left and right values anda validate the json returned to DIFFERENT_LENGTH" finished-at="2018-09-20T23:03:54Z">
          <reporter-output>
          </reporter-output>
        </test-method> <!-- validateDiffCharsAndLengthReturnForLeftRigthPost -->
        <test-method status="PASS" signature="validateDiffCharsReturnForLeftRigthPost()[pri:0, instance:alessandra.assignment.waesAssignment.tests.EndToEndTest@2f686d1f]" name="validateDiffCharsReturnForLeftRigthPost" duration-ms="268" started-at="2018-09-20T23:03:53Z" description="Will send two post methods with left and right values anda validate the json returned to DIFFERENT_CHARS" finished-at="2018-09-20T23:03:54Z">
          <reporter-output>
          </reporter-output>
        </test-method> <!-- validateDiffCharsReturnForLeftRigthPost -->
        <test-method status="PASS" signature="validateDiffLengthReturnForLeftRigthPost()[pri:0, instance:alessandra.assignment.waesAssignment.tests.EndToEndTest@2f686d1f]" name="validateDiffLengthReturnForLeftRigthPost" duration-ms="401" started-at="2018-09-20T23:03:54Z" description="Will send two post methods with left and right values anda validate the json returned is DIFFERENT_LENGTH" finished-at="2018-09-20T23:03:54Z">
          <reporter-output>
          </reporter-output>
        </test-method> <!-- validateDiffLengthReturnForLeftRigthPost -->
        <test-method status="PASS" signature="validateEqualReturnForLeftRigthPost()[pri:0, instance:alessandra.assignment.waesAssignment.tests.EndToEndTest@2f686d1f]" name="validateEqualReturnForLeftRigthPost" duration-ms="334" started-at="2018-09-20T23:03:54Z" description="Will send two post methods with left and right values anda validate the json returned to EQUAL" finished-at="2018-09-20T23:03:54Z">
          <reporter-output>
          </reporter-output>
        </test-method> <!-- validateEqualReturnForLeftRigthPost -->
      </class> <!-- alessandra.assignment.waesAssignment.tests.EndToEndTest -->
      <class name="alessandra.assignment.waesAssignment.tests.ErrorMessages">
        <test-method status="PASS" signature="validateGetIdNotInitializedResponseMessage()[pri:0, instance:alessandra.assignment.waesAssignment.tests.ErrorMessages@3fee9989]" name="validateGetIdNotInitializedResponseMessage" duration-ms="253" started-at="2018-09-20T23:03:54Z" description="Will send a GET method to /diff with a non added ID and validate the returned message to: ID id not initialized." finished-at="2018-09-20T23:03:54Z">
          <reporter-output>
          </reporter-output>
        </test-method> <!-- validateGetIdNotInitializedResponseMessage -->
        <test-method status="PASS" signature="validateGetNullLeft()[pri:0, instance:alessandra.assignment.waesAssignment.tests.ErrorMessages@3fee9989]" name="validateGetNullLeft" duration-ms="353" started-at="2018-09-20T23:03:54Z" description="Will send a GET method to the id with just right side with value and validate the reurned message: Left side contains no value." finished-at="2018-09-20T23:03:54Z">
          <reporter-output>
          </reporter-output>
        </test-method> <!-- validateGetNullLeft -->
        <test-method status="FAIL" signature="validateGetNullRight()[pri:0, instance:alessandra.assignment.waesAssignment.tests.ErrorMessages@3fee9989]" name="validateGetNullRight" duration-ms="291" started-at="2018-09-20T23:03:54Z" description="Will send a GET method to the id with just left side with elementand validate the reurned message: Right side contains no value." finished-at="2018-09-20T23:03:55Z">
          <exception class="java.lang.RuntimeException">
            <message>
              <![CDATA[ HTTP error code : 204]]>
            </message>
            <full-stacktrace>
              <![CDATA[java.lang.RuntimeException:  HTTP error code : 204
at alessandra.assignment.waesAssignment.pageobjects.ApiControlerGet.sendGetMothodForJsonResponse(ApiControlerGet.java:83)
at alessandra.assignment.waesAssignment.tests.ErrorMessages.validateGetNullRight(ErrorMessages.java:177)
at sun.reflect.NativeMethodAccessorImpl.invoke0(Native Method)
at sun.reflect.NativeMethodAccessorImpl.invoke(Unknown Source)
at sun.reflect.DelegatingMethodAccessorImpl.invoke(Unknown Source)
at java.lang.reflect.Method.invoke(Unknown Source)
at org.testng.internal.MethodInvocationHelper.invokeMethod(MethodInvocationHelper.java:124)
at org.testng.internal.Invoker.invokeMethod(Invoker.java:583)
at org.testng.internal.Invoker.invokeTestMethod(Invoker.java:719)
at org.testng.internal.Invoker.invokeTestMethods(Invoker.java:989)
at org.testng.internal.TestMethodWorker.invokeTestMethods(TestMethodWorker.java:125)
at org.testng.internal.TestMethodWorker.run(TestMethodWorker.java:109)
at java.util.concurrent.ThreadPoolExecutor.runWorker(Unknown Source)
at java.util.concurrent.ThreadPoolExecutor$Worker.run(Unknown Source)
at java.lang.Thread.run(Unknown Source)
]]>
            </full-stacktrace>
          </exception> <!-- java.lang.RuntimeException -->
          <reporter-output>
          </reporter-output>
        </test-method> <!-- validateGetNullRight -->
        <test-method status="PASS" signature="validatePostDataNotInBase64Response()[pri:0, instance:alessandra.assignment.waesAssignment.tests.ErrorMessages@3fee9989]" name="validatePostDataNotInBase64Response" duration-ms="143" started-at="2018-09-20T23:03:54Z" description="Will send a GET method to /diff with a non base 64 body returned message: Data in body not Base64 formatted." finished-at="2018-09-20T23:03:55Z">
          <reporter-output>
          </reporter-output>
        </test-method> <!-- validatePostDataNotInBase64Response -->
        <test-method status="PASS" signature="validatePostEmptyBody400message()[pri:0, instance:alessandra.assignment.waesAssignment.tests.ErrorMessages@3fee9989]" name="validatePostEmptyBody400message" duration-ms="239" started-at="2018-09-20T23:03:55Z" description="Will send a POST method to with an empty body and validate the returned message. Error code expected is 400. " finished-at="2018-09-20T23:03:55Z">
          <reporter-output>
          </reporter-output>
        </test-method> <!-- validatePostEmptyBody400message -->
        <test-method status="PASS" signature="validatePostNotOnJsonFormatResponseCode()[pri:0, instance:alessandra.assignment.waesAssignment.tests.ErrorMessages@3fee9989]" name="validatePostNotOnJsonFormatResponseCode" duration-ms="166" started-at="2018-09-20T23:03:55Z" description="Will send a Post method to /diff method and validate 415 code returned" finished-at="2018-09-20T23:03:55Z">
          <reporter-output>
          </reporter-output>
        </test-method> <!-- validatePostNotOnJsonFormatResponseCode -->
        <test-method status="PASS" signature="validatePostSideNotSupported501message()[pri:0, instance:alessandra.assignment.waesAssignment.tests.ErrorMessages@3fee9989]" name="validatePostSideNotSupported501message" duration-ms="120" started-at="2018-09-20T23:03:55Z" description="Will send a POST method with an side parameter as up and validate the returned message. Error code expected is 501. " finished-at="2018-09-20T23:03:55Z">
          <reporter-output>
          </reporter-output>
        </test-method> <!-- validatePostSideNotSupported501message -->
      </class> <!-- alessandra.assignment.waesAssignment.tests.ErrorMessages -->
    </test> <!-- Assessment Tests -->
  </suite> <!-- Run Tests for Test API -->
</testng-results>
